This is pdfTeX, Version 3.141592653-2.6-1.40.22 (MiKTeX 21.3) (preloaded format=pdflatex 2021.5.19)  19 MAY 2021 15:03
entering extended mode
**"c:/Users/Rohit/Desktop/CPP(Comp_Programming)/Chemical Neural Nets/Chemical-Neural-Nets/Notes/how_loops_work.tex"
(c:/Users/Rohit/Desktop/CPP(Comp_Programming)/Chemical Neural Nets/Chemical-Neural-Nets/Notes/how_loops_work.tex
LaTeX2e <2020-10-01> patch level 4
L3 programming layer <2021-05-07> (C:\Users\Rohit\AppData\Local\Programs\MiKTeX\tex/latex/base\article.cls
Document Class: article 2020/04/10 v1.4m Standard LaTeX document class
(C:\Users\Rohit\AppData\Local\Programs\MiKTeX\tex/latex/base\size10.clo
File: size10.clo 2020/04/10 v1.4m Standard LaTeX file (size option)
)
\c@part=\count179
\c@section=\count180
\c@subsection=\count181
\c@subsubsection=\count182
\c@paragraph=\count183
\c@subparagraph=\count184
\c@figure=\count185
\c@table=\count186
\abovecaptionskip=\skip47
\belowcaptionskip=\skip48
\bibindent=\dimen138
) (C:\Users\Rohit\AppData\Local\Programs\MiKTeX\tex/latex/base\fontenc.sty
Package: fontenc 2020/08/10 v2.0s Standard LaTeX package
) (C:\Users\Rohit\AppData\Local\Programs\MiKTeX\tex/latex/base\inputenc.sty
Package: inputenc 2020/08/01 v1.3d Input encoding file
\inpenc@prehook=\toks15
\inpenc@posthook=\toks16
) (C:\Users\Rohit\AppData\Local\Programs\MiKTeX\tex/latex/graphics\graphicx.sty
Package: graphicx 2020/09/09 v1.2b Enhanced LaTeX Graphics (DPC,SPQR)
 (C:\Users\Rohit\AppData\Local\Programs\MiKTeX\tex/latex/graphics\keyval.sty
Package: keyval 2014/10/28 v1.15 key=value parser (DPC)
\KV@toks@=\toks17
) (C:\Users\Rohit\AppData\Local\Programs\MiKTeX\tex/latex/graphics\graphics.sty
Package: graphics 2020/08/30 v1.4c Standard LaTeX Graphics (DPC,SPQR)
 (C:\Users\Rohit\AppData\Local\Programs\MiKTeX\tex/latex/graphics\trig.sty
Package: trig 2016/01/03 v1.10 sin cos tan (DPC)
) (C:\Users\Rohit\AppData\Local\Programs\MiKTeX\tex/latex/graphics-cfg\graphics.cfg
File: graphics.cfg 2016/06/04 v1.11 sample graphics configuration
)
Package graphics Info: Driver file: pdftex.def on input line 105.
 (C:\Users\Rohit\AppData\Local\Programs\MiKTeX\tex/latex/graphics-def\pdftex.def
File: pdftex.def 2020/10/05 v1.2a Graphics/color driver for pdftex
))
\Gin@req@height=\dimen139
\Gin@req@width=\dimen140
) (C:\Users\Rohit\AppData\Local\Programs\MiKTeX\tex/latex/caption\caption.sty
Package: caption 2020/10/26 v3.5g Customizing captions (AR)
 (C:\Users\Rohit\AppData\Local\Programs\MiKTeX\tex/latex/caption\caption3.sty
Package: caption3 2020/10/21 v2.2e caption3 kernel (AR)
\captionmargin=\dimen141
\captionmargin@=\dimen142
\captionwidth=\dimen143
\caption@tempdima=\dimen144
\caption@indent=\dimen145
\caption@parindent=\dimen146
\caption@hangindent=\dimen147
Package caption Info: Standard document class detected.
)
\c@caption@flags=\count187
\c@continuedfloat=\count188
) (C:\Users\Rohit\AppData\Local\Programs\MiKTeX\tex/latex/l3backend\l3backend-pdftex.def
File: l3backend-pdftex.def 2021-05-07 L3 backend support: PDF output (pdfTeX)
\l__color_backend_stack_int=\count189
\l__pdf_internal_box=\box47
)
No file how_loops_work.aux.
\openout1 = `how_loops_work.aux'.

LaTeX Font Info:    Checking defaults for OML/cmm/m/it on input line 7.
LaTeX Font Info:    ... okay on input line 7.
LaTeX Font Info:    Checking defaults for OMS/cmsy/m/n on input line 7.
LaTeX Font Info:    ... okay on input line 7.
LaTeX Font Info:    Checking defaults for OT1/cmr/m/n on input line 7.
LaTeX Font Info:    ... okay on input line 7.
LaTeX Font Info:    Checking defaults for T1/cmr/m/n on input line 7.
LaTeX Font Info:    ... okay on input line 7.
LaTeX Font Info:    Checking defaults for TS1/cmr/m/n on input line 7.
LaTeX Font Info:    ... okay on input line 7.
LaTeX Font Info:    Checking defaults for OMX/cmex/m/n on input line 7.
LaTeX Font Info:    ... okay on input line 7.
LaTeX Font Info:    Checking defaults for U/cmr/m/n on input line 7.
LaTeX Font Info:    ... okay on input line 7.
(C:\Users\Rohit\AppData\Local\Programs\MiKTeX\tex/context/base/mkii\supp-pdf.mkii
[Loading MPS to PDF converter (version 2006.09.02).]
\scratchcounter=\count190
\scratchdimen=\dimen148
\scratchbox=\box48
\nofMPsegments=\count191
\nofMParguments=\count192
\everyMPshowfont=\toks18
\MPscratchCnt=\count193
\MPscratchDim=\dimen149
\MPnumerator=\count194
\makeMPintoPDFobject=\count195
\everyMPtoPDFconversion=\toks19
) (C:\Users\Rohit\AppData\Local\Programs\MiKTeX\tex/latex/epstopdf-pkg\epstopdf-base.sty
Package: epstopdf-base 2020-01-24 v2.11 Base part for package epstopdf
Package epstopdf-base Info: Redefining graphics rule for `.eps' on input line 485.
 (C:\Users\Rohit\AppData\Local\Programs\MiKTeX\tex/latex/00miktex\epstopdf-sys.cfg
File: epstopdf-sys.cfg 2021/03/18 v2.0 Configuration of epstopdf for MiKTeX
))
Package caption Info: Begin \AtBeginDocument code.
Package caption Info: End \AtBeginDocument code.
LaTeX Font Info:    External font `cmex10' loaded for size
(Font)              <7> on input line 14.
LaTeX Font Info:    External font `cmex10' loaded for size
(Font)              <5> on input line 14.


c:/Users/Rohit/Desktop/CPP(Comp_Programming)/Chemical Neural Nets/Chemical-Neural-Nets/Notes/how_loops_work.tex:17: Package inputenc Error: Unicode character − (U+2212)
(inputenc)                not set up for use with LaTeX.

See the inputenc package documentation for explanation.
Type  H <return>  for immediate help.
 ...                                              
                                                  
l.17  $|x_{n}−
                x_{m}| < \epsilon $
You may provide a definition with
\DeclareUnicodeCharacter 


c:/Users/Rohit/Desktop/CPP(Comp_Programming)/Chemical Neural Nets/Chemical-Neural-Nets/Notes/how_loops_work.tex:17: Package inputenc Error: Unicode character   (U+2004)
(inputenc)                not set up for use with LaTeX.

See the inputenc package documentation for explanation.
Type  H <return>  for immediate help.
 ...                                              
                                                  
l.17  $|x_{n}−x_{m}| 
                         < \epsilon $
You may provide a definition with
\DeclareUnicodeCharacter 


c:/Users/Rohit/Desktop/CPP(Comp_Programming)/Chemical Neural Nets/Chemical-Neural-Nets/Notes/how_loops_work.tex:17: Package inputenc Error: Unicode character   (U+2004)
(inputenc)                not set up for use with LaTeX.

See the inputenc package documentation for explanation.
Type  H <return>  for immediate help.
 ...                                              
                                                  
l.17  $|x_{n}−x_{m}| < 
                             \epsilon $
You may provide a definition with
\DeclareUnicodeCharacter 


c:/Users/Rohit/Desktop/CPP(Comp_Programming)/Chemical Neural Nets/Chemical-Neural-Nets/Notes/how_loops_work.tex:18: Package inputenc Error: Unicode character   (U+2006)
(inputenc)                not set up for use with LaTeX.

See the inputenc package documentation for explanation.
Type  H <return>  for immediate help.
 ...                                              
                                                  
l.18 for all $n, 
                   m >= N$
You may provide a definition with
\DeclareUnicodeCharacter 


c:/Users/Rohit/Desktop/CPP(Comp_Programming)/Chemical Neural Nets/Chemical-Neural-Nets/Notes/how_loops_work.tex:18: Package inputenc Error: Unicode character   (U+2004)
(inputenc)                not set up for use with LaTeX.

See the inputenc package documentation for explanation.
Type  H <return>  for immediate help.
 ...                                              
                                                  
l.18 for all $n, m 
                       >= N$
You may provide a definition with
\DeclareUnicodeCharacter 


c:/Users/Rohit/Desktop/CPP(Comp_Programming)/Chemical Neural Nets/Chemical-Neural-Nets/Notes/how_loops_work.tex:18: Package inputenc Error: Unicode character   (U+2004)
(inputenc)                not set up for use with LaTeX.

See the inputenc package documentation for explanation.
Type  H <return>  for immediate help.
 ...                                              
                                                  
l.18 for all $n, m >= 
                            N$
You may provide a definition with
\DeclareUnicodeCharacter 

[1

{C:/Users/Rohit/AppData/Local/MiKTeX/pdftex/config/pdftex.map}] (how_loops_work.aux) ) 
Here is how much of TeX's memory you used:
 2662 strings out of 479173
 45105 string characters out of 2854167
 334111 words of memory out of 3000000
 20305 multiletter control sequences out of 15000+600000
 406512 words of font info for 31 fonts, out of 8000000 for 9000
 1141 hyphenation exceptions out of 8191
 55i,4n,63p,340b,116s stack positions out of 5000i,500n,10000p,200000b,80000s
 <C:\Users\Rohit\AppData\Local\MiKTeX\fonts/pk/ljfour/jknappen/ec/dpi600\ecbx1440.pk> <C:\Users\Rohit\AppData\Local\MiKTeX\fonts/pk/ljfour/jknappen/ec/dpi600\ecrm1000.pk> <C:\Users\Rohit\AppData\Local\MiKTeX\fonts/pk/ljfour/jknappen/ec/dpi600\ecbx1000.pk><C:/Users/Rohit/AppData/Local/Programs/MiKTeX/fonts/type1/public/amsfonts/cm/cmmi10.pfb><C:/Users/Rohit/AppData/Local/Programs/MiKTeX/fonts/type1/public/amsfonts/cm/cmmi7.pfb><C:/Users/Rohit/AppData/Local/Programs/MiKTeX/fonts/type1/public/amsfonts/cm/cmr10.pfb><C:/Users/Rohit/AppData/Local/Programs/MiKTeX/fonts/type1/public/amsfonts/cm/cmsy10.pfb>
Output written on how_loops_work.pdf (1 page, 56348 bytes).
PDF statistics:
 96 PDF objects out of 1000 (max. 8388607)
 0 named destinations out of 1000 (max. 500000)
 1 words of extra memory for PDF output out of 10000 (max. 10000000)

